<?xml version="1.0" encoding="UTF-8"?>
<!-- Generated by org.testng.reporters.JUnitXMLReporter -->
<testsuite ignored="1" hostname="LAPTOP-2UG2433I" failures="0" tests="1" name="Default test" time="7.269" errors="0" timestamp="2026-03-25T09:33:04 IST">
  <testcase classname="tests.KeywordTest" name="testUsingKeywordsExcel" time="2.847"/>
  <testcase classname="tests.KeywordTest" name="testUsingKeywords" time="0.0">
    <ignored/>
  </testcase> <!-- testUsingKeywords -->
</testsuite> <!-- Default test -->
